<?xml version="1.0" encoding="UTF-8"?>
<testsuite xmlns:xsi="http://www.w3.org/2001/XMLSchema-instance" xsi:noNamespaceSchemaLocation="https://maven.apache.org/surefire/maven-surefire-plugin/xsd/surefire-test-report.xsd" name="com.example.AppTest" time="0.138" tests="1" errors="0" skipped="0" failures="0">
  <properties>
    <property name="java.specification.version" value="15"/>
    <property name="sun.cpu.isalist" value="amd64"/>
    <property name="sun.jnu.encoding" value="MS932"/>
    <property name="java.class.path" value="C:\Users\JUNKO\github\nikkei_data_getter\target\test-classes;C:\Users\JUNKO\github\nikkei_data_getter\target\classes;C:\maven\apache-maven-3.8.1\repository\junit\junit\4.11\junit-4.11.jar;C:\maven\apache-maven-3.8.1\repository\org\hamcrest\hamcrest-core\1.3\hamcrest-core-1.3.jar;C:\maven\apache-maven-3.8.1\repository\org\jsoup\jsoup\1.13.1\jsoup-1.13.1.jar;"/>
    <property name="java.vm.vendor" value="Oracle Corporation"/>
    <property name="sun.arch.data.model" value="64"/>
    <property name="user.variant" value=""/>
    <property name="java.vendor.url" value="https://java.oracle.com/"/>
    <property name="user.timezone" value="Asia/Tokyo"/>
    <property name="os.name" value="Windows 10"/>
    <property name="java.vm.specification.version" value="15"/>
    <property name="sun.java.launcher" value="SUN_STANDARD"/>
    <property name="user.country" value="JP"/>
    <property name="sun.boot.library.path" value="C:\pg\Java\jdk-15.0.2\bin"/>
    <property name="sun.java.command" value="C:\Users\JUNKO\AppData\Local\Temp\surefire17318301319776957016\surefirebooter10658078176066594248.jar C:\Users\JUNKO\AppData\Local\Temp\surefire17318301319776957016 2021-11-18T21-30-16_774-jvmRun1 surefire14413502121411663305tmp surefire_011303904038443830017tmp"/>
    <property name="jdk.debug" value="release"/>
    <property name="surefire.test.class.path" value="C:\Users\JUNKO\github\nikkei_data_getter\target\test-classes;C:\Users\JUNKO\github\nikkei_data_getter\target\classes;C:\maven\apache-maven-3.8.1\repository\junit\junit\4.11\junit-4.11.jar;C:\maven\apache-maven-3.8.1\repository\org\hamcrest\hamcrest-core\1.3\hamcrest-core-1.3.jar;C:\maven\apache-maven-3.8.1\repository\org\jsoup\jsoup\1.13.1\jsoup-1.13.1.jar;"/>
    <property name="sun.cpu.endian" value="little"/>
    <property name="user.home" value="C:\Users\JUNKO"/>
    <property name="user.language" value="ja"/>
    <property name="java.specification.vendor" value="Oracle Corporation"/>
    <property name="java.version.date" value="2021-01-19"/>
    <property name="java.home" value="C:\pg\Java\jdk-15.0.2"/>
    <property name="file.separator" value="\"/>
    <property name="basedir" value="C:\Users\JUNKO\github\nikkei_data_getter"/>
    <property name="java.vm.compressedOopsMode" value="32-bit"/>
    <property name="line.separator" value="&#10;"/>
    <property name="java.vm.specification.vendor" value="Oracle Corporation"/>
    <property name="java.specification.name" value="Java Platform API Specification"/>
    <property name="surefire.real.class.path" value="C:\Users\JUNKO\AppData\Local\Temp\surefire17318301319776957016\surefirebooter10658078176066594248.jar"/>
    <property name="user.script" value=""/>
    <property name="sun.management.compiler" value="HotSpot 64-Bit Tiered Compilers"/>
    <property name="java.runtime.version" value="15.0.2+7-27"/>
    <property name="user.name" value="JUNKO"/>
    <property name="path.separator" value=";"/>
    <property name="os.version" value="10.0"/>
    <property name="java.runtime.name" value="OpenJDK Runtime Environment"/>
    <property name="file.encoding" value="MS932"/>
    <property name="java.vm.name" value="OpenJDK 64-Bit Server VM"/>
    <property name="localRepository" value="C:\maven\apache-maven-3.8.1\repository"/>
    <property name="java.vendor.url.bug" value="https://bugreport.java.com/bugreport/"/>
    <property name="java.io.tmpdir" value="C:\Users\JUNKO\AppData\Local\Temp\"/>
    <property name="java.version" value="15.0.2"/>
    <property name="user.dir" value="C:\Users\JUNKO\github\nikkei_data_getter"/>
    <property name="os.arch" value="amd64"/>
    <property name="java.vm.specification.name" value="Java Virtual Machine Specification"/>
    <property name="sun.os.patch.level" value=""/>
    <property name="java.library.path" value="C:\pg\Java\jdk-15.0.2\bin;C:\WINDOWS\Sun\Java\bin;C:\WINDOWS\system32;C:\WINDOWS;C:\maven\apache-maven-3.8.1\bin\;C:\ImageMagick-7.0.11-Q16;C:\Program Files\PostgreSQL\12\bin\;C:\Ruby27-x64\bin;C:\pg\Java\jdk-15.0.2\bin;C:\pg\nodejs\;C:\HashiCorp\Vagrant\bin;C:\WINDOWS\System32\WindowsPowerShell\v1.0\;C:\Users\JUNKO\AppData\Local\Programs\Python\Python39\Scripts\;C:\Users\JUNKO\AppData\Local\Programs\Python\Python39\;c:\pg\jruby-9.2.14.0\bin;C:\Users\JUNKO\AppData\Local\Microsoft\WindowsApps;C:\Users\JUNKO\AppData\Local\Programs\Microsoft VS Code\bin;C:\Program Files\heroku\bin;C:\Users\JUNKO\AppData\Local\GitHubDesktop\bin;C:\Users\JUNKO\AppData\Roaming\npm;C:\WINDOWS\system32;C:\pg\Git\cmd;C:\Program Files\MySQL\MySQL Server 5.7\bin\;C:\Users\JUNKO\AppData\Local\Programs\Python\Python39\Scripts\;C:\Users\JUNKO\AppData\Local\Programs\Python\Python39\;c:\pg\jruby-9.2.14.0\bin;C:\Ruby27-x64\bin;C:\Users\JUNKO\AppData\Local\Microsoft\WindowsApps;C:\Users\JUNKO\AppData\Local\Programs\Microsoft VS Code\bin;C:\Program Files\heroku\bin;C:\Users\JUNKO\AppData\Roaming\npm;C:\tools\apache-maven-3.8.1\bin;C:\Program Files\JetBrains\IntelliJ IDEA Community Edition 2021.2\bin;;C:\Users\JUNKO\AppData\Local\GitHubDesktop\bin;."/>
    <property name="java.vm.info" value="mixed mode, sharing"/>
    <property name="java.vendor" value="Oracle Corporation"/>
    <property name="java.vm.version" value="15.0.2+7-27"/>
    <property name="sun.io.unicode.encoding" value="UnicodeLittle"/>
    <property name="java.class.version" value="59.0"/>
  </properties>
  <testcase name="shouldAnswerWithTrue" classname="com.example.AppTest" time="0.005"/>
</testsuite>